  fonc.c
  main.c
  Génération de code en cours...
  basecode_SDL2.vcxproj -> C:\Users\Adrie\source\repos\base_code\bin\basecode_SDL2_d.exe
  C:\Users\Adrie\source\repos\base_code\librairies\SDL2-2.0.6\bin\Win32\libFLAC-8.dll
  C:\Users\Adrie\source\repos\base_code\librairies\SDL2-2.0.6\bin\Win32\libfreetype-6.dll
  C:\Users\Adrie\source\repos\base_code\librairies\SDL2-2.0.6\bin\Win32\libjpeg-9.dll
  C:\Users\Adrie\source\repos\base_code\librairies\SDL2-2.0.6\bin\Win32\libmikmod-2.dll
  C:\Users\Adrie\source\repos\base_code\librairies\SDL2-2.0.6\bin\Win32\libmodplug-1.dll
  C:\Users\Adrie\source\repos\base_code\librairies\SDL2-2.0.6\bin\Win32\libogg-0.dll
  C:\Users\Adrie\source\repos\base_code\librairies\SDL2-2.0.6\bin\Win32\libpng16-16.dll
  C:\Users\Adrie\source\repos\base_code\librairies\SDL2-2.0.6\bin\Win32\libtiff-5.dll
  C:\Users\Adrie\source\repos\base_code\librairies\SDL2-2.0.6\bin\Win32\libvorbis-0.dll
  C:\Users\Adrie\source\repos\base_code\librairies\SDL2-2.0.6\bin\Win32\libvorbisfile-3.dll
  C:\Users\Adrie\source\repos\base_code\librairies\SDL2-2.0.6\bin\Win32\libwebp-4.dll
  C:\Users\Adrie\source\repos\base_code\librairies\SDL2-2.0.6\bin\Win32\SDL2.dll
  C:\Users\Adrie\source\repos\base_code\librairies\SDL2-2.0.6\bin\Win32\SDL2_image.dll
  C:\Users\Adrie\source\repos\base_code\librairies\SDL2-2.0.6\bin\Win32\SDL2_mixer.dll
  C:\Users\Adrie\source\repos\base_code\librairies\SDL2-2.0.6\bin\Win32\SDL2_ttf.dll
  C:\Users\Adrie\source\repos\base_code\librairies\SDL2-2.0.6\bin\Win32\smpeg2.dll
  C:\Users\Adrie\source\repos\base_code\librairies\SDL2-2.0.6\bin\Win32\zlib1.dll
  17 fichier(s) copié(s)
  C:\Users\Adrie\source\repos\base_code\basecode_SDL2\data\othellier_blanc.png
  C:\Users\Adrie\source\repos\base_code\basecode_SDL2\data\othellier_blanc_modif.png
  C:\Users\Adrie\source\repos\base_code\basecode_SDL2\data\othellier_vert.png
  C:\Users\Adrie\source\repos\base_code\basecode_SDL2\data\pion_blanc.png
  C:\Users\Adrie\source\repos\base_code\basecode_SDL2\data\pion_noir.png
  C:\Users\Adrie\source\repos\base_code\basecode_SDL2\data\rond_blanc.png
  C:\Users\Adrie\source\repos\base_code\basecode_SDL2\data\rond_noir.png
  C:\Users\Adrie\source\repos\base_code\basecode_SDL2\data\sprite.png
  8 fichier(s) copié(s)
