  mot.c
C:\Users\Adrie\Desktop\source\Csource\MotGraph2D_NEW\VonKoch\mot.c(106,17): warning C4244: 'fonction' : conversion de 'float' en 'int', perte possible de données
C:\Users\Adrie\Desktop\source\Csource\MotGraph2D_NEW\VonKoch\mot.c(105,20): warning C4244: 'initialisation' : conversion de 'float' en 'int', perte possible de données
C:\Users\Adrie\Desktop\source\Csource\MotGraph2D_NEW\VonKoch\mot.c(136,226): warning C4244: 'fonction' : conversion de 'int' en 'float', perte possible de données
C:\Users\Adrie\Desktop\source\Csource\MotGraph2D_NEW\VonKoch\mot.c(137,231): warning C4244: 'fonction' : conversion de 'int' en 'float', perte possible de données
C:\Users\Adrie\Desktop\source\Csource\MotGraph2D_NEW\VonKoch\mot.c(138,152): warning C4244: 'fonction' : conversion de 'int' en 'float', perte possible de données
C:\Users\Adrie\Desktop\source\Csource\MotGraph2D_NEW\VonKoch\mot.c(116,28): warning C4244: 'initialisation' : conversion de 'float' en 'int', perte possible de données
C:\Users\Adrie\Desktop\source\Csource\MotGraph2D_NEW\VonKoch\mot.c(117,28): warning C4244: 'initialisation' : conversion de 'float' en 'int', perte possible de données
C:\Users\Adrie\Desktop\source\Csource\MotGraph2D_NEW\VonKoch\mot.c(172,25): warning C4244: 'fonction' : conversion de 'float' en 'int', perte possible de données
C:\Users\Adrie\Desktop\source\Csource\MotGraph2D_NEW\VonKoch\mot.c(172,30): warning C4244: 'fonction' : conversion de 'float' en 'int', perte possible de données
C:\Users\Adrie\Desktop\source\Csource\MotGraph2D_NEW\VonKoch\mot.c(172,38): warning C4244: 'fonction' : conversion de 'float' en 'int', perte possible de données
C:\Users\Adrie\Desktop\source\Csource\MotGraph2D_NEW\VonKoch\mot.c(172,57): warning C4244: 'fonction' : conversion de 'float' en 'int', perte possible de données
C:\Users\Adrie\Desktop\source\Csource\MotGraph2D_NEW\VonKoch\mot.c(296,20): warning C4305: 'initialisation' : troncation de 'double' à 'float'
C:\Users\Adrie\Desktop\source\Csource\MotGraph2D_NEW\VonKoch\mot.c(302,8): warning C4101: 'proj' : variable locale non référencée
C:\Users\Adrie\Desktop\source\Csource\MotGraph2D_NEW\VonKoch\mot.c(300,24): warning C4101: 'segc2' : variable locale non référencée
C:\Users\Adrie\Desktop\source\Csource\MotGraph2D_NEW\VonKoch\mot.c(300,17): warning C4101: 'segc1' : variable locale non référencée
C:\Users\Adrie\Desktop\source\Csource\MotGraph2D_NEW\VonKoch\mot.c(384,36): warning C4101: 'vRot2' : variable locale non référencée
C:\Users\Adrie\Desktop\source\Csource\MotGraph2D_NEW\VonKoch\mot.c(384,32): warning C4101: 'v2' : variable locale non référencée
C:\Users\Adrie\Desktop\source\Csource\MotGraph2D_NEW\VonKoch\mot.c(383,10): warning C4101: 'p' : variable locale non référencée
C:\Users\Adrie\Desktop\source\Csource\MotGraph2D_NEW\VonKoch\mot.c(384,25): warning C4101: 'vRot1' : variable locale non référencée
  VonKoch.vcxproj -> C:\Users\Adrie\Desktop\source\Csource\MotGraph2D_NEW\bin\VonKoch_d.exe
          1 fichier(s) copié(s).
