c:\users\adrie\source\motgraph3d_new\vonkoch\debug\vc142.pdb
c:\users\adrie\source\motgraph3d_new\vonkoch\debug\vc142.idb
c:\users\adrie\source\motgraph3d_new\vonkoch\debug\utils_sdl.obj
c:\users\adrie\source\motgraph3d_new\vonkoch\debug\mot.obj
c:\users\adrie\source\motgraph3d_new\vonkoch\debug\main.obj
c:\users\adrie\source\motgraph3d_new\bin\vonkoch_d.exe
c:\users\adrie\source\motgraph3d_new\vonkoch\debug\vonkoch_d.ilk
c:\users\adrie\source\motgraph3d_new\bin\vonkoch_d.pdb
c:\users\adrie\desktop\source\csource\motgraph3d_new\vonkoch\debug\main.obj
c:\users\adrie\desktop\source\csource\motgraph3d_new\vonkoch\debug\mot.obj
c:\users\adrie\desktop\source\csource\motgraph3d_new\vonkoch\debug\utils_sdl.obj
c:\users\adrie\desktop\source\csource\motgraph3d_new\vonkoch\debug\mot.obj.enc
c:\users\adrie\desktop\source\csource\motgraph3d_new\vonkoch\debug\vonkoch_d.ilk
c:\users\adrie\desktop\source\csource\motgraph3d_new\vonkoch\debug\vc142.idb
c:\users\adrie\desktop\source\csource\motgraph3d_new\vonkoch\debug\vc142.pdb
c:\users\adrie\desktop\source\csource\motgraph3d_new\\bin\vonkoch_d.pdb
c:\users\adrie\desktop\source\csource\motgraph3d_new\bin\vonkoch_d.exe
c:\users\adrie\desktop\source\csource\motgraph3d_new\\bin\vonkoch_d.ilk
c:\users\adrie\desktop\source\csource\motgraph3d_new\vonkoch\debug\vonkoch.tlog\cl.command.1.tlog
c:\users\adrie\desktop\source\csource\motgraph3d_new\vonkoch\debug\vonkoch.tlog\cl.read.1.tlog
c:\users\adrie\desktop\source\csource\motgraph3d_new\vonkoch\debug\vonkoch.tlog\cl.write.1.tlog
c:\users\adrie\desktop\source\csource\motgraph3d_new\vonkoch\debug\vonkoch.tlog\link.command.1.tlog
c:\users\adrie\desktop\source\csource\motgraph3d_new\vonkoch\debug\vonkoch.tlog\link.read.1.tlog
c:\users\adrie\desktop\source\csource\motgraph3d_new\vonkoch\debug\vonkoch.tlog\link.write.1.tlog
