  mot.c
C:\Users\Adrie\source\MotGraph3D_NEW\VonKoch\mot.c(33,32): warning C4244: 'return' : conversion de 'double' en 'float', perte possible de données
C:\Users\Adrie\source\MotGraph3D_NEW\VonKoch\mot.c(167,10): warning C4098: 'addPointFace' : fonction 'void' retournant une valeur
C:\Users\Adrie\source\MotGraph3D_NEW\VonKoch\mot.c(225,41): warning C4244: '=' : conversion de 'double' en 'float', perte possible de données
C:\Users\Adrie\source\MotGraph3D_NEW\VonKoch\mot.c(226,47): warning C4244: '=' : conversion de 'double' en 'float', perte possible de données
C:\Users\Adrie\source\MotGraph3D_NEW\VonKoch\mot.c(228,48): warning C4305: '=' : troncation de 'double' à 'float'
C:\Users\Adrie\source\MotGraph3D_NEW\VonKoch\mot.c(229,57): warning C4305: '=' : troncation de 'double' à 'float'
C:\Users\Adrie\source\MotGraph3D_NEW\VonKoch\mot.c(235,50): warning C4244: 'fonction' : conversion de 'double' en 'float', perte possible de données
C:\Users\Adrie\source\MotGraph3D_NEW\VonKoch\mot.c(235,70): warning C4244: 'fonction' : conversion de 'double' en 'float', perte possible de données
C:\Users\Adrie\source\MotGraph3D_NEW\VonKoch\mot.c(235,101): warning C4244: 'fonction' : conversion de 'double' en 'float', perte possible de données
C:\Users\Adrie\source\MotGraph3D_NEW\VonKoch\mot.c(240,42): warning C4244: 'fonction' : conversion de 'double' en 'float', perte possible de données
C:\Users\Adrie\source\MotGraph3D_NEW\VonKoch\mot.c(240,65): warning C4244: 'fonction' : conversion de 'double' en 'float', perte possible de données
C:\Users\Adrie\source\MotGraph3D_NEW\VonKoch\mot.c(241,53): warning C4244: 'fonction' : conversion de 'double' en 'float', perte possible de données
C:\Users\Adrie\source\MotGraph3D_NEW\VonKoch\mot.c(241,73): warning C4244: 'fonction' : conversion de 'double' en 'float', perte possible de données
C:\Users\Adrie\source\MotGraph3D_NEW\VonKoch\mot.c(241,105): warning C4244: 'fonction' : conversion de 'double' en 'float', perte possible de données
C:\Users\Adrie\source\MotGraph3D_NEW\VonKoch\mot.c(326,75): warning C4244: '=' : conversion de 'double' en 'int', perte possible de données
C:\Users\Adrie\source\MotGraph3D_NEW\VonKoch\mot.c(327,75): warning C4244: '=' : conversion de 'double' en 'int', perte possible de données
C:\Users\Adrie\source\MotGraph3D_NEW\VonKoch\mot.c(330,75): warning C4244: '=' : conversion de 'double' en 'int', perte possible de données
C:\Users\Adrie\source\MotGraph3D_NEW\VonKoch\mot.c(331,75): warning C4244: '=' : conversion de 'double' en 'int', perte possible de données
C:\Users\Adrie\source\MotGraph3D_NEW\VonKoch\mot.c(335,75): warning C4244: '=' : conversion de 'double' en 'int', perte possible de données
C:\Users\Adrie\source\MotGraph3D_NEW\VonKoch\mot.c(336,75): warning C4244: '=' : conversion de 'double' en 'int', perte possible de données
C:\Users\Adrie\source\MotGraph3D_NEW\VonKoch\mot.c(365,82): warning C4028: paramètre formel 5 différent de la déclaration
C:\Users\Adrie\source\MotGraph3D_NEW\VonKoch\mot.c(365,115): warning C4029: la déclaration de la liste de paramètres formels est différente de la définition
C:\Users\Adrie\source\MotGraph3D_NEW\VonKoch\mot.c(414,40): warning C4244: 'fonction' : conversion de 'float' en 'int', perte possible de données
C:\Users\Adrie\source\MotGraph3D_NEW\VonKoch\mot.c(414,57): warning C4244: 'fonction' : conversion de 'float' en 'int', perte possible de données
C:\Users\Adrie\source\MotGraph3D_NEW\VonKoch\mot.c(414,75): warning C4244: 'fonction' : conversion de 'float' en 'int', perte possible de données
C:\Users\Adrie\source\MotGraph3D_NEW\VonKoch\mot.c(414,93): warning C4244: 'fonction' : conversion de 'float' en 'int', perte possible de données
  VonKoch.vcxproj -> C:\Users\Adrie\source\MotGraph3D_NEW\bin\VonKoch_d.exe
          1 fichier(s) copié(s).
