  main.c
  utils_SDL.c
  video.c
C:\Users\Adrie\Desktop\source\Csource\Video\VonKoch\video.c(13,6): warning C4142: 'getGaussianDiffFilter' : redéfinition bénigne du type
      C:\Users\Adrie\Desktop\source\Csource\Video\VonKoch\video.h(12,8):
      voir la déclaration de 'getGaussianDiffFilter'
  
C:\Users\Adrie\Desktop\source\Csource\Video\VonKoch\video.c(23,90): warning C4244: '=' : conversion de 'double' en 'float', perte possible de données
C:\Users\Adrie\Desktop\source\Csource\Video\VonKoch\video.c(26,2): warning C4133: 'return' : types incompatibles - de 'float *' à 'int *'
C:\Users\Adrie\Desktop\source\Csource\Video\VonKoch\video.c(15,21): warning C4244: 'initialisation' : conversion de 'double' en 'float', perte possible de données
C:\Users\Adrie\Desktop\source\Csource\Video\VonKoch\video.c(15,87): warning C4244: 'initialisation' : conversion de 'double' en 'float', perte possible de données
C:\Users\Adrie\Desktop\source\Csource\Video\VonKoch\video.c(21,17): warning C4244: 'initialisation' : conversion de 'int' en 'float', perte possible de données
C:\Users\Adrie\Desktop\source\Csource\Video\VonKoch\video.c(22,18): warning C4244: 'initialisation' : conversion de 'int' en 'float', perte possible de données
C:\Users\Adrie\Desktop\source\Csource\Video\VonKoch\video.c(51,60): warning C4244: '+=' : conversion de 'float' en 'int', perte possible de données
C:\Users\Adrie\Desktop\source\Csource\Video\VonKoch\video.c(57,8): warning C4133: '=' : types incompatibles - de 'Uint32 *' à 'Uint8 *'
C:\Users\Adrie\Desktop\source\Csource\Video\VonKoch\video.c(106,8): warning C4133: '=' : types incompatibles - de 'Uint32 *' à 'Uint8 *'
C:\Users\Adrie\Desktop\source\Csource\Video\VonKoch\video.c(125,8): warning C4133: '=' : types incompatibles - de 'Uint32 *' à 'Uint8 *'
C:\Users\Adrie\Desktop\source\Csource\Video\VonKoch\video.c(129,55): warning C4244: '=' : conversion de 'double' en 'int', perte possible de données
C:\Users\Adrie\Desktop\source\Csource\Video\VonKoch\video.c(119,18): warning C4244: 'initialisation' : conversion de 'double' en 'float', perte possible de données
C:\Users\Adrie\Desktop\source\Csource\Video\VonKoch\video.c(147,8): warning C4133: '=' : types incompatibles - de 'Uint32 *' à 'Uint8 *'
C:\Users\Adrie\Desktop\source\Csource\Video\VonKoch\video.c(164,32): warning C4244: 'initialisation' : conversion de 'double' en 'float', perte possible de données
  Génération de code en cours...
MSVCRTD.lib(initializers.obj) : warning LNK4098: conflit entre la bibliothèque par défaut 'msvcrt.lib' et les autres bibliothèques ; utilisez /NODEFAULTLIB:library
SDLmain.lib(SDL_win32_main.obj) : warning LNK4099: PDB 'SDLmain.pdb' n'a pu être trouvé avec 'SDLmain.lib(SDL_win32_main.obj)' ou sur 'C:\Users\Adrie\Desktop\source\Csource\Video\bin\SDLmain.pdb' ; l'objet sera lié sans informations de débogage
  VonKoch.vcxproj -> C:\Users\Adrie\Desktop\source\Csource\Video\bin\VonKoch_d.exe
          1 fichier(s) copié(s).
