  main.c
  basecode_SDL2.vcxproj -> C:\Users\Adrie\source\TP_fin de semestre\base_code\bin\basecode_SDL2_d.exe
  C:\Users\Adrie\source\TP_fin de semestre\base_code\librairies\SDL2-2.0.6\bin\Win32\libFLAC-8.dll
  C:\Users\Adrie\source\TP_fin de semestre\base_code\librairies\SDL2-2.0.6\bin\Win32\libfreetype-6.dll
  C:\Users\Adrie\source\TP_fin de semestre\base_code\librairies\SDL2-2.0.6\bin\Win32\libjpeg-9.dll
  C:\Users\Adrie\source\TP_fin de semestre\base_code\librairies\SDL2-2.0.6\bin\Win32\libmikmod-2.dll
  C:\Users\Adrie\source\TP_fin de semestre\base_code\librairies\SDL2-2.0.6\bin\Win32\libmodplug-1.dll
  C:\Users\Adrie\source\TP_fin de semestre\base_code\librairies\SDL2-2.0.6\bin\Win32\libogg-0.dll
  C:\Users\Adrie\source\TP_fin de semestre\base_code\librairies\SDL2-2.0.6\bin\Win32\libpng16-16.dll
  C:\Users\Adrie\source\TP_fin de semestre\base_code\librairies\SDL2-2.0.6\bin\Win32\libtiff-5.dll
  C:\Users\Adrie\source\TP_fin de semestre\base_code\librairies\SDL2-2.0.6\bin\Win32\libvorbis-0.dll
  C:\Users\Adrie\source\TP_fin de semestre\base_code\librairies\SDL2-2.0.6\bin\Win32\libvorbisfile-3.dll
  C:\Users\Adrie\source\TP_fin de semestre\base_code\librairies\SDL2-2.0.6\bin\Win32\libwebp-4.dll
  C:\Users\Adrie\source\TP_fin de semestre\base_code\librairies\SDL2-2.0.6\bin\Win32\SDL2.dll
  C:\Users\Adrie\source\TP_fin de semestre\base_code\librairies\SDL2-2.0.6\bin\Win32\SDL2_image.dll
  C:\Users\Adrie\source\TP_fin de semestre\base_code\librairies\SDL2-2.0.6\bin\Win32\SDL2_mixer.dll
  C:\Users\Adrie\source\TP_fin de semestre\base_code\librairies\SDL2-2.0.6\bin\Win32\SDL2_ttf.dll
  C:\Users\Adrie\source\TP_fin de semestre\base_code\librairies\SDL2-2.0.6\bin\Win32\smpeg2.dll
  C:\Users\Adrie\source\TP_fin de semestre\base_code\librairies\SDL2-2.0.6\bin\Win32\zlib1.dll
  17 fichier(s) copié(s)
  C:\Users\Adrie\source\TP_fin de semestre\base_code\basecode_SDL2\data\8514sys.ttf
  C:\Users\Adrie\source\TP_fin de semestre\base_code\basecode_SDL2\data\app850.ttf
  C:\Users\Adrie\source\TP_fin de semestre\base_code\basecode_SDL2\data\ARLRDBD.TTF
  C:\Users\Adrie\source\TP_fin de semestre\base_code\basecode_SDL2\data\bruit_pion.mp3
  C:\Users\Adrie\source\TP_fin de semestre\base_code\basecode_SDL2\data\coure.ttf
  C:\Users\Adrie\source\TP_fin de semestre\base_code\basecode_SDL2\data\lab2411_LORGET_MARTINAT.docx
  C:\Users\Adrie\source\TP_fin de semestre\base_code\basecode_SDL2\data\othellier_blanc_modif.png
  C:\Users\Adrie\source\TP_fin de semestre\base_code\basecode_SDL2\data\point_rouge.png
  C:\Users\Adrie\source\TP_fin de semestre\base_code\basecode_SDL2\data\point_rouge_modif.png
  C:\Users\Adrie\source\TP_fin de semestre\base_code\basecode_SDL2\data\rond_blanc.png
  C:\Users\Adrie\source\TP_fin de semestre\base_code\basecode_SDL2\data\rond_noir.png
  C:\Users\Adrie\source\TP_fin de semestre\base_code\basecode_SDL2\data\rond_rouge.png
  C:\Users\Adrie\source\TP_fin de semestre\base_code\basecode_SDL2\data\serife.ttf
  C:\Users\Adrie\source\TP_fin de semestre\base_code\basecode_SDL2\data\sserife.fon
  C:\Users\Adrie\source\TP_fin de semestre\base_code\basecode_SDL2\data\trebucbd.ttf
  C:\Users\Adrie\source\TP_fin de semestre\base_code\basecode_SDL2\data\vga850.fon
  C:\Users\Adrie\source\TP_fin de semestre\base_code\basecode_SDL2\data\vld-2.5.1-setup.exe
  17 fichier(s) copié(s)
