  Camera.c
  Génération de code en cours...
  Compilation en cours...
  main.c
F:\RecupOrdi\Users\Adrie\Desktop\RealTimeRendering\RealTimeRendering_Basecode\RealTimeRendering\main.c(56,10): warning C4101: 'meshCenter' : variable locale non référencée
  Génération de code en cours...
  Compilation en cours...
  Material.c
  Génération de code en cours...
  Compilation en cours...
  Matrix.c
F:\RecupOrdi\Users\Adrie\Desktop\RealTimeRendering\RealTimeRendering_Basecode\RealTimeRendering\Matrix.c(117,32): warning C4244: 'return' : conversion de 'double' en 'float', perte possible de données
F:\RecupOrdi\Users\Adrie\Desktop\RealTimeRendering\RealTimeRendering_Basecode\RealTimeRendering\Matrix.c(142,58): warning C4244: '+=' : conversion de 'double' en 'float', perte possible de données
  Génération de code en cours...
  Compilation en cours...
  Mesh.c
  Génération de code en cours...
  Compilation en cours...
  Object.c
  Génération de code en cours...
  Compilation en cours...
  Graphics.c
  Génération de code en cours...
  Compilation en cours...
  Renderer.c
  Génération de code en cours...
  Compilation en cours...
  Scene.c
  Génération de code en cours...
  Compilation en cours...
  Settings.c
  Génération de code en cours...
  Compilation en cours...
  Shader.c
  Génération de code en cours...
  Compilation en cours...
  Tools.c
  Génération de code en cours...
  Compilation en cours...
  Timer.c
  Génération de code en cours...
  Compilation en cours...
  Vector.c
F:\RecupOrdi\Users\Adrie\Desktop\RealTimeRendering\RealTimeRendering_Basecode\RealTimeRendering\Vector.c(64,10): warning C4101: 'v' : variable locale non référencée
F:\RecupOrdi\Users\Adrie\Desktop\RealTimeRendering\RealTimeRendering_Basecode\RealTimeRendering\Vector.c(73,10): warning C4101: 'v' : variable locale non référencée
F:\RecupOrdi\Users\Adrie\Desktop\RealTimeRendering\RealTimeRendering_Basecode\RealTimeRendering\Vector.c(104,51): warning C4244: 'return' : conversion de 'double' en 'float', perte possible de données
  Génération de code en cours...
  Compilation en cours...
  Window.c
  Génération de code en cours...
  RealTimeRendering.vcxproj -> F:\RecupOrdi\Users\Adrie\Desktop\RealTimeRendering\RealTimeRendering_Basecode\Bin\RealTimeRendering.exe
