  main.c
C:\Users\Adrie\source\Fourrier\VonKoch\main.c(15,9): warning C4244: '=' : conversion de 'float' en 'int', perte possible de données
C:\Users\Adrie\source\Fourrier\VonKoch\main.c(16,9): warning C4244: '=' : conversion de 'float' en 'int', perte possible de données
C:\Users\Adrie\source\Fourrier\VonKoch\main.c(21,36): warning C4244: 'fonction' : conversion de 'int' en 'float', perte possible de données
C:\Users\Adrie\source\Fourrier\VonKoch\main.c(30,61): warning C4244: 'fonction' : conversion de 'float' en 'int', perte possible de données
C:\Users\Adrie\source\Fourrier\VonKoch\main.c(30,107): warning C4244: 'fonction' : conversion de 'float' en 'int', perte possible de données
C:\Users\Adrie\source\Fourrier\VonKoch\main.c(35,20): warning C4244: '=' : conversion de 'int' en 'float', perte possible de données
C:\Users\Adrie\source\Fourrier\VonKoch\main.c(44,50): warning C4244: 'fonction' : conversion de 'double' en 'int', perte possible de données
C:\Users\Adrie\source\Fourrier\VonKoch\main.c(45,51): warning C4244: 'fonction' : conversion de 'double' en 'int', perte possible de données
C:\Users\Adrie\source\Fourrier\VonKoch\main.c(46,60): warning C4244: 'fonction' : conversion de 'double' en 'int', perte possible de données
C:\Users\Adrie\source\Fourrier\VonKoch\main.c(47,61): warning C4244: 'fonction' : conversion de 'double' en 'int', perte possible de données
C:\Users\Adrie\source\Fourrier\VonKoch\main.c(51,20): warning C4244: 'fonction' : conversion de 'float' en 'int', perte possible de données
C:\Users\Adrie\source\Fourrier\VonKoch\main.c(53,49): warning C4244: 'fonction' : conversion de 'double' en 'int', perte possible de données
C:\Users\Adrie\source\Fourrier\VonKoch\main.c(54,50): warning C4244: 'fonction' : conversion de 'double' en 'int', perte possible de données
C:\Users\Adrie\source\Fourrier\VonKoch\main.c(79,42): warning C4244: '+=' : conversion de 'double' en 'float', perte possible de données
C:\Users\Adrie\source\Fourrier\VonKoch\main.c(80,42): warning C4244: '+=' : conversion de 'double' en 'float', perte possible de données
C:\Users\Adrie\source\Fourrier\VonKoch\main.c(98,127): warning C4244: '+=' : conversion de 'double' en 'float', perte possible de données
C:\Users\Adrie\source\Fourrier\VonKoch\main.c(99,127): warning C4244: '+=' : conversion de 'double' en 'float', perte possible de données
C:\Users\Adrie\source\Fourrier\VonKoch\main.c(91,1): warning C4244: 'initialisation' : conversion de 'double' en 'float', perte possible de données
C:\Users\Adrie\source\Fourrier\VonKoch\main.c(118,26): warning C4244: '=' : conversion de 'int' en 'float', perte possible de données
C:\Users\Adrie\source\Fourrier\VonKoch\main.c(119,27): warning C4244: '=' : conversion de 'int' en 'float', perte possible de données
C:\Users\Adrie\source\Fourrier\VonKoch\main.c(122,35): warning C4244: '+=' : conversion de 'double' en 'float', perte possible de données
C:\Users\Adrie\source\Fourrier\VonKoch\main.c(123,35): warning C4244: '+=' : conversion de 'double' en 'float', perte possible de données
C:\Users\Adrie\source\Fourrier\VonKoch\main.c(112,1): warning C4244: 'initialisation' : conversion de 'double' en 'float', perte possible de données
C:\Users\Adrie\source\Fourrier\VonKoch\main.c(137,102): warning C4244: '+=' : conversion de 'double' en 'float', perte possible de données
C:\Users\Adrie\source\Fourrier\VonKoch\main.c(148,114): warning C4244: 'fonction' : conversion de 'double' en 'float', perte possible de données
C:\Users\Adrie\source\Fourrier\VonKoch\main.c(150,3): warning C4244: 'fonction' : conversion de 'double' en 'float', perte possible de données
C:\Users\Adrie\source\Fourrier\VonKoch\main.c(145,1): warning C4244: 'initialisation' : conversion de 'double' en 'float', perte possible de données
C:\Users\Adrie\source\Fourrier\VonKoch\main.c(156,53): warning C4244: 'fonction' : conversion de 'int' en 'float', perte possible de données
C:\Users\Adrie\source\Fourrier\VonKoch\main.c(156,61): warning C4244: 'fonction' : conversion de 'int' en 'float', perte possible de données
C:\Users\Adrie\source\Fourrier\VonKoch\main.c(166,43): warning C4244: '+=' : conversion de 'double' en 'int', perte possible de données
C:\Users\Adrie\source\Fourrier\VonKoch\main.c(167,43): warning C4244: '+=' : conversion de 'double' en 'int', perte possible de données
C:\Users\Adrie\source\Fourrier\VonKoch\main.c(158,1): warning C4244: 'initialisation' : conversion de 'double' en 'float', perte possible de données
C:\Users\Adrie\source\Fourrier\VonKoch\main.c(178,30): warning C4244: 'fonction' : conversion de 'double' en 'int', perte possible de données
C:\Users\Adrie\source\Fourrier\VonKoch\main.c(179,30): warning C4244: 'fonction' : conversion de 'double' en 'int', perte possible de données
C:\Users\Adrie\source\Fourrier\VonKoch\main.c(180,36): warning C4244: 'fonction' : conversion de 'double' en 'int', perte possible de données
C:\Users\Adrie\source\Fourrier\VonKoch\main.c(181,36): warning C4244: 'fonction' : conversion de 'double' en 'int', perte possible de données
C:\Users\Adrie\source\Fourrier\VonKoch\main.c(174,1): warning C4305: 'initialisation' : troncation de 'double' à 'float'
C:\Users\Adrie\source\Fourrier\VonKoch\main.c(199,48): warning C4244: '+=' : conversion de 'double' en 'int', perte possible de données
C:\Users\Adrie\source\Fourrier\VonKoch\main.c(200,48): warning C4244: '+=' : conversion de 'double' en 'int', perte possible de données
C:\Users\Adrie\source\Fourrier\VonKoch\main.c(208,48): warning C4244: '+=' : conversion de 'double' en 'int', perte possible de données
C:\Users\Adrie\source\Fourrier\VonKoch\main.c(209,48): warning C4244: '+=' : conversion de 'double' en 'int', perte possible de données
C:\Users\Adrie\source\Fourrier\VonKoch\main.c(233,39): warning C4244: '=' : conversion de 'double' en 'float', perte possible de données
C:\Users\Adrie\source\Fourrier\VonKoch\main.c(235,51): warning C4244: '+=' : conversion de 'double' en 'int', perte possible de données
C:\Users\Adrie\source\Fourrier\VonKoch\main.c(236,51): warning C4244: '+=' : conversion de 'double' en 'int', perte possible de données
C:\Users\Adrie\source\Fourrier\VonKoch\main.c(305,59): warning C4244: '=' : conversion de 'int' en 'float', perte possible de données
C:\Users\Adrie\source\Fourrier\VonKoch\main.c(383,105): warning C4244: '=' : conversion de 'double' en 'float', perte possible de données
C:\Users\Adrie\source\Fourrier\VonKoch\main.c(397,105): warning C4244: '=' : conversion de 'double' en 'float', perte possible de données
C:\Users\Adrie\source\Fourrier\VonKoch\main.c(453,14): warning C4473: 'printf' : nombre insuffisant d'arguments passés pour la chaîne de format
C:\Users\Adrie\source\Fourrier\VonKoch\main.c(453,14): message : les espaces réservés et leurs paramètres attendent des arguments 1 variadiques, mais des arguments 0 ont été fournis
C:\Users\Adrie\source\Fourrier\VonKoch\main.c(453,14): message : l'argument variadique manquant 1 est demandé par la chaîne de format '%d'
C:\Users\Adrie\source\Fourrier\VonKoch\main.c(461,46): warning C4305: '+=' : troncation de 'double' à 'float'
C:\Users\Adrie\source\Fourrier\VonKoch\main.c(462,46): warning C4305: '-=' : troncation de 'double' à 'float'
C:\Users\Adrie\source\Fourrier\VonKoch\main.c(481,14): warning C4305: '+=' : troncation de 'double' à 'float'
C:\Users\Adrie\source\Fourrier\VonKoch\main.c(491,33): warning C4244: '=' : conversion de 'float' en 'int', perte possible de données
C:\Users\Adrie\source\Fourrier\VonKoch\main.c(503,31): warning C4244: '=' : conversion de 'int' en 'float', perte possible de données
C:\Users\Adrie\source\Fourrier\VonKoch\main.c(516,30): warning C4244: 'fonction' : conversion de 'int' en 'float', perte possible de données
C:\Users\Adrie\source\Fourrier\VonKoch\main.c(516,38): warning C4244: 'fonction' : conversion de 'int' en 'float', perte possible de données
  VonKoch.vcxproj -> C:\Users\Adrie\source\Fourrier\bin\VonKoch_d.exe
          1 fichier(s) copié(s).
