f:\recupordi\users\adrie\source\repos\tpinfo\tpinfo\debug\vc142.pdb
f:\recupordi\users\adrie\source\repos\tpinfo\tpinfo\debug\vc142.idb
f:\recupordi\users\adrie\source\repos\tpinfo\tpinfo\debug\fonc.obj
f:\recupordi\users\adrie\source\repos\tpinfo\tpinfo\debug\main.obj
f:\recupordi\users\adrie\source\repos\tpinfo\debug\tpinfo.pdb
f:\recupordi\users\adrie\source\repos\tpinfo\debug\tpinfo.ilk
f:\recupordi\users\adrie\source\repos\tpinfo\tpinfo\debug\tpinfo.tlog\cl.command.1.tlog
f:\recupordi\users\adrie\source\repos\tpinfo\tpinfo\debug\tpinfo.tlog\cl.read.1.tlog
f:\recupordi\users\adrie\source\repos\tpinfo\tpinfo\debug\tpinfo.tlog\cl.write.1.tlog
f:\recupordi\users\adrie\source\repos\tpinfo\tpinfo\debug\tpinfo.tlog\link-cvtres.read.1.tlog
f:\recupordi\users\adrie\source\repos\tpinfo\tpinfo\debug\tpinfo.tlog\link-cvtres.write.1.tlog
f:\recupordi\users\adrie\source\repos\tpinfo\tpinfo\debug\tpinfo.tlog\link-rc.read.1.tlog
f:\recupordi\users\adrie\source\repos\tpinfo\tpinfo\debug\tpinfo.tlog\link-rc.write.1.tlog
f:\recupordi\users\adrie\source\repos\tpinfo\tpinfo\debug\tpinfo.tlog\link.26696-cvtres.read.1.tlog
f:\recupordi\users\adrie\source\repos\tpinfo\tpinfo\debug\tpinfo.tlog\link.26696-cvtres.write.1.tlog
f:\recupordi\users\adrie\source\repos\tpinfo\tpinfo\debug\tpinfo.tlog\link.26696-rc.read.1.tlog
f:\recupordi\users\adrie\source\repos\tpinfo\tpinfo\debug\tpinfo.tlog\link.26696-rc.write.1.tlog
f:\recupordi\users\adrie\source\repos\tpinfo\tpinfo\debug\tpinfo.tlog\link.26696.read.1.tlog
f:\recupordi\users\adrie\source\repos\tpinfo\tpinfo\debug\tpinfo.tlog\link.26696.write.1.tlog
f:\recupordi\users\adrie\source\repos\tpinfo\tpinfo\debug\tpinfo.tlog\link.command.1.tlog
f:\recupordi\users\adrie\source\repos\tpinfo\tpinfo\debug\tpinfo.tlog\link.read.1.tlog
f:\recupordi\users\adrie\source\repos\tpinfo\tpinfo\debug\tpinfo.tlog\link.write.1.tlog
